2025-11-23 20:59:04.730 [info] Extension host with pid 1878 started
2025-11-23 20:59:04.730 [info] Skipping acquiring lock for /home/cullenoi/.config/Code/User/workspaceStorage/5719bcc6c5ded247d9e135249ba18e6a.
2025-11-23 20:59:05.227 [info] ExtensionService#_doActivateExtension vscode.github-authentication, startup: false, activationEvent: 'onAuthenticationRequest:github'
2025-11-23 20:59:05.328 [info] ExtensionService#_doActivateExtension vscode.emmet, startup: false, activationEvent: 'onLanguage'
2025-11-23 20:59:05.390 [info] ExtensionService#_doActivateExtension arrterian.nix-env-selector, startup: false, activationEvent: 'onLanguage'
2025-11-23 20:59:05.560 [info] ExtensionService#_doActivateExtension mkhl.direnv, startup: false, activationEvent: 'onLanguage'
2025-11-23 20:59:05.808 [info] ExtensionService#_doActivateExtension vscode.git-base, startup: true, activationEvent: '*', root cause: vscode.git
2025-11-23 20:59:05.995 [info] ExtensionService#_doActivateExtension vscode.git, startup: true, activationEvent: '*'
2025-11-23 20:59:06.146 [info] ExtensionService#_doActivateExtension vscode.github, startup: true, activationEvent: '*'
2025-11-23 20:59:06.479 [info] Eager extensions activated
2025-11-23 20:59:06.729 [info] ExtensionService#_doActivateExtension vscode.debug-auto-launch, startup: false, activationEvent: 'onStartupFinished'
2025-11-23 20:59:06.736 [info] ExtensionService#_doActivateExtension vscode.merge-conflict, startup: false, activationEvent: 'onStartupFinished'
2025-11-23 20:59:06.796 [info] ExtensionService#_doActivateExtension usernamehw.errorlens, startup: false, activationEvent: 'onStartupFinished'
2025-11-23 20:59:06.821 [error] TypeError: c2.call is not a function
	at /home/cullenoi/.vscode/extensions/arrterian.nix-env-selector-1.1.0/dist/index.js:26377:90
2025-11-23 20:59:07.472 [info] ExtensionService#_doActivateExtension vscode.configuration-editing, startup: false, activationEvent: 'onLanguage:jsonc'
2025-11-23 20:59:07.504 [info] ExtensionService#_doActivateExtension vscode.json-language-features, startup: false, activationEvent: 'onLanguage:jsonc'
2025-11-23 20:59:07.707 [info] ExtensionService#_doActivateExtension vscode.typescript-language-features, startup: false, activationEvent: 'onLanguage:jsonc'
2025-11-23 21:00:00.082 [info] ExtensionService#_doActivateExtension jnoortheen.nix-ide, startup: false, activationEvent: 'onLanguage:nix'
2025-11-23 21:03:26.006 [info] ExtensionService#_doActivateExtension vscode.extension-editing, startup: false, activationEvent: 'onLanguage:json'
2025-11-23 21:03:26.050 [info] ExtensionService#_doActivateExtension vscode.npm, startup: false, activationEvent: 'onLanguage:json'
