2025-09-01 11:44:22.883 [info] Extension host with pid 2067 started
2025-09-01 11:44:22.884 [info] Skipping acquiring lock for /home/cullenoi/.config/Code/User/workspaceStorage/0bf6e1da644c4bbbde8e3daf8d765322.
2025-09-01 11:44:23.958 [info] ExtensionService#_doActivateExtension vscode.github-authentication, startup: false, activationEvent: 'onAuthenticationRequest:github'
2025-09-01 11:44:24.062 [info] ExtensionService#_doActivateExtension vscode.emmet, startup: false, activationEvent: 'onLanguage'
2025-09-01 11:44:24.113 [info] ExtensionService#_doActivateExtension ms-vscode.cpptools, startup: false, activationEvent: 'onLanguage:c'
2025-09-01 11:44:25.093 [info] ExtensionService#_doActivateExtension vscode.git-base, startup: true, activationEvent: '*', root cause: vscode.git
2025-09-01 11:44:25.656 [info] ExtensionService#_doActivateExtension vscode.git, startup: true, activationEvent: '*'
2025-09-01 11:44:25.829 [info] ExtensionService#_doActivateExtension vscode.github, startup: true, activationEvent: '*'
2025-09-01 11:44:26.391 [info] Eager extensions activated
2025-09-01 11:44:26.537 [info] ExtensionService#_doActivateExtension vscode.debug-auto-launch, startup: false, activationEvent: 'onStartupFinished'
2025-09-01 11:44:26.545 [info] ExtensionService#_doActivateExtension vscode.merge-conflict, startup: false, activationEvent: 'onStartupFinished'
2025-09-01 11:44:26.602 [info] ExtensionService#_doActivateExtension usernamehw.errorlens, startup: false, activationEvent: 'onStartupFinished'
2025-09-01 11:44:27.110 [info] ExtensionService#_doActivateExtension vscode.configuration-editing, startup: false, activationEvent: 'onLanguage:jsonc'
2025-09-01 11:44:27.144 [info] ExtensionService#_doActivateExtension vscode.json-language-features, startup: false, activationEvent: 'onLanguage:jsonc'
2025-09-01 11:44:27.331 [info] ExtensionService#_doActivateExtension vscode.typescript-language-features, startup: false, activationEvent: 'onLanguage:jsonc'
2025-09-01 14:59:16.357 [info] ExtensionService#_doActivateExtension vscode.extension-editing, startup: false, activationEvent: 'onLanguage:markdown'
2025-09-01 14:59:16.403 [info] ExtensionService#_doActivateExtension vscode.markdown-language-features, startup: false, activationEvent: 'onLanguage:markdown'
2025-09-01 14:59:18.338 [info] ExtensionService#_doActivateExtension vscode.markdown-math, startup: false, activationEvent: 'api', root cause: vscode.markdown-language-features
2025-09-01 15:19:16.351 [info] ExtensionService#_doActivateExtension hediet.vscode-drawio, startup: false, activationEvent: 'onCustomEditor:hediet.vscode-drawio-text'
2025-09-01 15:27:39.787 [info] ExtensionService#_doActivateExtension vscode.media-preview, startup: false, activationEvent: 'onCustomEditor:imagePreview.previewEditor'
2025-09-01 15:56:47.211 [info] ExtensionService#_doActivateExtension vscode.npm, startup: false, activationEvent: 'onTerminalQuickFixRequest:ms-vscode.npm-command'
2025-09-01 20:55:10.672 [info] Extension host terminating: renderer closed the MessagePort
2025-09-01 20:55:10.918 [error] Error: Channel has been closed
	at s (file:///nix/store/fy8fpckq8q2k2ldhhmf2q3m81mgk2d5f-vscode-1.99.3/lib/vscode/resources/app/out/vs/workbench/api/node/extensionHostProcess.js:117:2431)
	at Object.appendLine (file:///nix/store/fy8fpckq8q2k2ldhhmf2q3m81mgk2d5f-vscode-1.99.3/lib/vscode/resources/app/out/vs/workbench/api/node/extensionHostProcess.js:117:2570)
	at R.logOutputMessage (/nix/store/fy8fpckq8q2k2ldhhmf2q3m81mgk2d5f-vscode-1.99.3/lib/vscode/resources/app/extensions/json-language-features/client/dist/node/jsonClientMain.js:2:290791)
	at R.info (/nix/store/fy8fpckq8q2k2ldhhmf2q3m81mgk2d5f-vscode-1.99.3/lib/vscode/resources/app/extensions/json-language-features/client/dist/node/jsonClientMain.js:2:290524)
	at ChildProcess.<anonymous> (/nix/store/fy8fpckq8q2k2ldhhmf2q3m81mgk2d5f-vscode-1.99.3/lib/vscode/resources/app/extensions/json-language-features/client/dist/node/jsonClientMain.js:2:514797)
	at ChildProcess.emit (node:events:518:28)
	at ChildProcess._handle.onexit (node:internal/child_process:293:12)
2025-09-01 20:55:10.926 [info] Extension host with pid 2067 exiting with code 0
