2025-05-18 23:44:01,558 __main__ INFO:184 Creating player manager
2025-05-18 23:44:01,588 __main__ INFO:56 Initialize new player: spotify
2025-05-18 23:44:01,597 __main__ DEBUG:112 Metadata changed for player spotify
2025-05-18 23:44:01,599 __main__ DEBUG:87 Getting first playing player from 1 players
2025-05-18 23:44:01,599 __main__ DEBUG:68 Writing output:  TRIP - Sutherlands
2025-05-18 23:44:01,599 __main__ INFO:52 Starting main loop
2025-05-18 23:44:01,690 __main__ INFO:184 Creating player manager
2025-05-18 23:44:01,696 __main__ INFO:184 Creating player manager
2025-05-18 23:44:01,719 __main__ INFO:56 Initialize new player: spotify
2025-05-18 23:44:01,728 __main__ DEBUG:112 Metadata changed for player spotify
2025-05-18 23:44:01,730 __main__ DEBUG:87 Getting first playing player from 1 players
2025-05-18 23:44:01,730 __main__ DEBUG:68 Writing output:  TRIP - Sutherlands
2025-05-18 23:44:01,730 __main__ INFO:52 Starting main loop
2025-05-18 23:44:01,734 __main__ INFO:56 Initialize new player: spotify
2025-05-18 23:44:01,743 __main__ DEBUG:112 Metadata changed for player spotify
2025-05-18 23:44:01,745 __main__ DEBUG:87 Getting first playing player from 1 players
2025-05-18 23:44:01,745 __main__ DEBUG:68 Writing output:  TRIP - Sutherlands
2025-05-18 23:44:01,745 __main__ INFO:52 Starting main loop
2025-05-18 23:44:01,897 __main__ DEBUG:82 Playback status changed for player spotify: <enum PLAYERCTL_PLAYBACK_STATUS_PLAYING of type Playerctl.PlaybackStatus>
2025-05-18 23:44:01,897 __main__ DEBUG:82 Playback status changed for player spotify: <enum PLAYERCTL_PLAYBACK_STATUS_PLAYING of type Playerctl.PlaybackStatus>
2025-05-18 23:44:01,897 __main__ DEBUG:82 Playback status changed for player spotify: <enum PLAYERCTL_PLAYBACK_STATUS_PLAYING of type Playerctl.PlaybackStatus>
2025-05-18 23:44:01,897 __main__ DEBUG:112 Metadata changed for player spotify
2025-05-18 23:44:01,897 __main__ DEBUG:112 Metadata changed for player spotify
2025-05-18 23:44:01,897 __main__ DEBUG:112 Metadata changed for player spotify
2025-05-18 23:44:01,898 __main__ DEBUG:87 Getting first playing player from 1 players
2025-05-18 23:44:01,898 __main__ DEBUG:87 Getting first playing player from 1 players
2025-05-18 23:44:01,898 __main__ DEBUG:68 Writing output:  TRIP - Sutherlands
2025-05-18 23:44:01,898 __main__ DEBUG:87 Getting first playing player from 1 players
2025-05-18 23:44:01,899 __main__ DEBUG:68 Writing output:  TRIP - Sutherlands
2025-05-18 23:44:01,899 __main__ DEBUG:68 Writing output:  TRIP - Sutherlands
2025-05-18 23:44:04,401 __main__ DEBUG:82 Playback status changed for player spotify: <enum PLAYERCTL_PLAYBACK_STATUS_PAUSED of type Playerctl.PlaybackStatus>
2025-05-18 23:44:04,401 __main__ DEBUG:82 Playback status changed for player spotify: <enum PLAYERCTL_PLAYBACK_STATUS_PAUSED of type Playerctl.PlaybackStatus>
2025-05-18 23:44:04,401 __main__ DEBUG:82 Playback status changed for player spotify: <enum PLAYERCTL_PLAYBACK_STATUS_PAUSED of type Playerctl.PlaybackStatus>
2025-05-18 23:44:04,401 __main__ DEBUG:112 Metadata changed for player spotify
2025-05-18 23:44:04,401 __main__ DEBUG:112 Metadata changed for player spotify
2025-05-18 23:44:04,401 __main__ DEBUG:112 Metadata changed for player spotify
2025-05-18 23:44:04,402 __main__ DEBUG:87 Getting first playing player from 1 players
2025-05-18 23:44:04,402 __main__ DEBUG:87 Getting first playing player from 1 players
2025-05-18 23:44:04,402 __main__ DEBUG:87 Getting first playing player from 1 players
2025-05-18 23:44:04,403 __main__ DEBUG:68 Writing output:  TRIP - Sutherlands
2025-05-18 23:44:04,403 __main__ DEBUG:68 Writing output:  TRIP - Sutherlands
2025-05-18 23:44:04,403 __main__ DEBUG:68 Writing output:  TRIP - Sutherlands
2025-05-18 23:46:23,601 __main__ DEBUG:82 Playback status changed for player spotify: <enum PLAYERCTL_PLAYBACK_STATUS_PLAYING of type Playerctl.PlaybackStatus>
2025-05-18 23:46:23,601 __main__ DEBUG:112 Metadata changed for player spotify
2025-05-18 23:46:23,602 __main__ DEBUG:87 Getting first playing player from 1 players
2025-05-18 23:46:23,602 __main__ DEBUG:68 Writing output:  TRIP - Sutherlands
2025-05-18 23:46:23,606 __main__ DEBUG:82 Playback status changed for player spotify: <enum PLAYERCTL_PLAYBACK_STATUS_PLAYING of type Playerctl.PlaybackStatus>
2025-05-18 23:46:23,606 __main__ DEBUG:112 Metadata changed for player spotify
2025-05-18 23:46:23,608 __main__ DEBUG:87 Getting first playing player from 1 players
2025-05-18 23:46:23,608 __main__ DEBUG:68 Writing output:  TRIP - Sutherlands
2025-05-18 23:46:23,608 __main__ DEBUG:82 Playback status changed for player spotify: <enum PLAYERCTL_PLAYBACK_STATUS_PLAYING of type Playerctl.PlaybackStatus>
2025-05-18 23:46:23,609 __main__ DEBUG:112 Metadata changed for player spotify
2025-05-18 23:46:23,613 __main__ DEBUG:87 Getting first playing player from 1 players
2025-05-18 23:46:23,620 __main__ DEBUG:68 Writing output:  TRIP - Sutherlands
2025-05-18 23:46:28,133 __main__ INFO:184 Creating player manager
2025-05-18 23:46:28,162 __main__ INFO:184 Creating player manager
2025-05-18 23:46:28,165 __main__ INFO:56 Initialize new player: spotify
2025-05-18 23:46:28,180 __main__ DEBUG:112 Metadata changed for player spotify
2025-05-18 23:46:28,182 __main__ DEBUG:87 Getting first playing player from 1 players
2025-05-18 23:46:28,182 __main__ DEBUG:68 Writing output:  TRIP - Sutherlands
2025-05-18 23:46:28,182 __main__ INFO:52 Starting main loop
2025-05-18 23:46:28,199 __main__ INFO:56 Initialize new player: spotify
2025-05-18 23:46:28,209 __main__ DEBUG:112 Metadata changed for player spotify
2025-05-18 23:46:28,211 __main__ DEBUG:87 Getting first playing player from 1 players
2025-05-18 23:46:28,211 __main__ DEBUG:68 Writing output:  TRIP - Sutherlands
2025-05-18 23:46:28,212 __main__ INFO:52 Starting main loop
2025-05-18 23:46:28,539 __main__ INFO:184 Creating player manager
2025-05-18 23:46:28,568 __main__ INFO:56 Initialize new player: spotify
2025-05-18 23:46:28,577 __main__ DEBUG:112 Metadata changed for player spotify
2025-05-18 23:46:28,579 __main__ DEBUG:87 Getting first playing player from 1 players
2025-05-18 23:46:28,580 __main__ DEBUG:68 Writing output:  TRIP - Sutherlands
2025-05-18 23:46:28,580 __main__ INFO:52 Starting main loop
2025-05-18 23:46:44,054 __main__ DEBUG:82 Playback status changed for player spotify: <enum PLAYERCTL_PLAYBACK_STATUS_PAUSED of type Playerctl.PlaybackStatus>
2025-05-18 23:46:44,054 __main__ DEBUG:82 Playback status changed for player spotify: <enum PLAYERCTL_PLAYBACK_STATUS_PAUSED of type Playerctl.PlaybackStatus>
2025-05-18 23:46:44,054 __main__ DEBUG:82 Playback status changed for player spotify: <enum PLAYERCTL_PLAYBACK_STATUS_PAUSED of type Playerctl.PlaybackStatus>
2025-05-18 23:46:44,055 __main__ DEBUG:112 Metadata changed for player spotify
2025-05-18 23:46:44,055 __main__ DEBUG:112 Metadata changed for player spotify
2025-05-18 23:46:44,055 __main__ DEBUG:112 Metadata changed for player spotify
2025-05-18 23:46:44,056 __main__ DEBUG:87 Getting first playing player from 1 players
2025-05-18 23:46:44,056 __main__ DEBUG:87 Getting first playing player from 1 players
2025-05-18 23:46:44,056 __main__ DEBUG:87 Getting first playing player from 1 players
2025-05-18 23:46:44,056 __main__ DEBUG:68 Writing output:  TRIP - Sutherlands
2025-05-18 23:46:44,056 __main__ DEBUG:68 Writing output:  TRIP - Sutherlands
2025-05-18 23:46:44,056 __main__ DEBUG:68 Writing output:  TRIP - Sutherlands
2025-05-18 23:46:45,253 __main__ DEBUG:82 Playback status changed for player spotify: <enum PLAYERCTL_PLAYBACK_STATUS_PLAYING of type Playerctl.PlaybackStatus>
2025-05-18 23:46:45,253 __main__ DEBUG:82 Playback status changed for player spotify: <enum PLAYERCTL_PLAYBACK_STATUS_PLAYING of type Playerctl.PlaybackStatus>
2025-05-18 23:46:45,253 __main__ DEBUG:82 Playback status changed for player spotify: <enum PLAYERCTL_PLAYBACK_STATUS_PLAYING of type Playerctl.PlaybackStatus>
2025-05-18 23:46:45,254 __main__ DEBUG:112 Metadata changed for player spotify
2025-05-18 23:46:45,254 __main__ DEBUG:112 Metadata changed for player spotify
2025-05-18 23:46:45,254 __main__ DEBUG:112 Metadata changed for player spotify
2025-05-18 23:46:45,255 __main__ DEBUG:87 Getting first playing player from 1 players
2025-05-18 23:46:45,255 __main__ DEBUG:87 Getting first playing player from 1 players
2025-05-18 23:46:45,255 __main__ DEBUG:87 Getting first playing player from 1 players
2025-05-18 23:46:45,255 __main__ DEBUG:68 Writing output:  TRIP - Sutherlands
2025-05-18 23:46:45,255 __main__ DEBUG:68 Writing output:  TRIP - Sutherlands
2025-05-18 23:46:45,255 __main__ DEBUG:68 Writing output:  TRIP - Sutherlands
2025-05-18 23:46:45,835 __main__ DEBUG:82 Playback status changed for player spotify: <enum PLAYERCTL_PLAYBACK_STATUS_PAUSED of type Playerctl.PlaybackStatus>
2025-05-18 23:46:45,835 __main__ DEBUG:82 Playback status changed for player spotify: <enum PLAYERCTL_PLAYBACK_STATUS_PAUSED of type Playerctl.PlaybackStatus>
2025-05-18 23:46:45,835 __main__ DEBUG:82 Playback status changed for player spotify: <enum PLAYERCTL_PLAYBACK_STATUS_PAUSED of type Playerctl.PlaybackStatus>
2025-05-18 23:46:45,836 __main__ DEBUG:112 Metadata changed for player spotify
2025-05-18 23:46:45,836 __main__ DEBUG:112 Metadata changed for player spotify
2025-05-18 23:46:45,836 __main__ DEBUG:112 Metadata changed for player spotify
2025-05-18 23:46:45,837 __main__ DEBUG:87 Getting first playing player from 1 players
2025-05-18 23:46:45,837 __main__ DEBUG:87 Getting first playing player from 1 players
2025-05-18 23:46:45,837 __main__ DEBUG:68 Writing output:  TRIP - Sutherlands
2025-05-18 23:46:45,837 __main__ DEBUG:68 Writing output:  TRIP - Sutherlands
2025-05-18 23:46:45,837 __main__ DEBUG:87 Getting first playing player from 1 players
2025-05-18 23:46:45,838 __main__ DEBUG:68 Writing output:  TRIP - Sutherlands
2025-05-18 23:46:47,577 __main__ DEBUG:112 Metadata changed for player spotify
2025-05-18 23:46:47,577 __main__ DEBUG:112 Metadata changed for player spotify
2025-05-18 23:46:47,577 __main__ DEBUG:112 Metadata changed for player spotify
2025-05-18 23:46:47,578 __main__ DEBUG:87 Getting first playing player from 1 players
2025-05-18 23:46:47,579 __main__ DEBUG:68 Writing output:  TRIP - Hit the Road
2025-05-18 23:46:47,579 __main__ DEBUG:87 Getting first playing player from 1 players
2025-05-18 23:46:47,579 __main__ DEBUG:87 Getting first playing player from 1 players
2025-05-18 23:46:47,579 __main__ DEBUG:68 Writing output:  TRIP - Hit the Road
2025-05-18 23:46:47,579 __main__ DEBUG:68 Writing output:  TRIP - Hit the Road
2025-05-18 23:46:47,579 __main__ DEBUG:82 Playback status changed for player spotify: <enum PLAYERCTL_PLAYBACK_STATUS_PLAYING of type Playerctl.PlaybackStatus>
2025-05-18 23:46:47,579 __main__ DEBUG:112 Metadata changed for player spotify
2025-05-18 23:46:47,579 __main__ DEBUG:82 Playback status changed for player spotify: <enum PLAYERCTL_PLAYBACK_STATUS_PLAYING of type Playerctl.PlaybackStatus>
2025-05-18 23:46:47,579 __main__ DEBUG:82 Playback status changed for player spotify: <enum PLAYERCTL_PLAYBACK_STATUS_PLAYING of type Playerctl.PlaybackStatus>
2025-05-18 23:46:47,579 __main__ DEBUG:112 Metadata changed for player spotify
2025-05-18 23:46:47,579 __main__ DEBUG:112 Metadata changed for player spotify
2025-05-18 23:46:47,580 __main__ DEBUG:87 Getting first playing player from 1 players
2025-05-18 23:46:47,580 __main__ DEBUG:68 Writing output:  TRIP - Hit the Road
2025-05-18 23:46:47,581 __main__ DEBUG:87 Getting first playing player from 1 players
2025-05-18 23:46:47,581 __main__ DEBUG:87 Getting first playing player from 1 players
2025-05-18 23:46:47,581 __main__ DEBUG:68 Writing output:  TRIP - Hit the Road
2025-05-18 23:46:47,581 __main__ DEBUG:68 Writing output:  TRIP - Hit the Road
2025-05-18 23:46:55,855 __main__ DEBUG:82 Playback status changed for player spotify: <enum PLAYERCTL_PLAYBACK_STATUS_PAUSED of type Playerctl.PlaybackStatus>
2025-05-18 23:46:55,856 __main__ DEBUG:112 Metadata changed for player spotify
2025-05-18 23:46:55,856 __main__ DEBUG:82 Playback status changed for player spotify: <enum PLAYERCTL_PLAYBACK_STATUS_PAUSED of type Playerctl.PlaybackStatus>
2025-05-18 23:46:55,856 __main__ DEBUG:82 Playback status changed for player spotify: <enum PLAYERCTL_PLAYBACK_STATUS_PAUSED of type Playerctl.PlaybackStatus>
2025-05-18 23:46:55,857 __main__ DEBUG:112 Metadata changed for player spotify
2025-05-18 23:46:55,857 __main__ DEBUG:112 Metadata changed for player spotify
2025-05-18 23:46:55,858 __main__ DEBUG:87 Getting first playing player from 1 players
2025-05-18 23:46:55,858 __main__ DEBUG:68 Writing output:  TRIP - Hit the Road
2025-05-18 23:46:55,858 __main__ DEBUG:87 Getting first playing player from 1 players
2025-05-18 23:46:55,859 __main__ DEBUG:68 Writing output:  TRIP - Hit the Road
2025-05-18 23:46:55,859 __main__ DEBUG:87 Getting first playing player from 1 players
2025-05-18 23:46:55,860 __main__ DEBUG:68 Writing output:  TRIP - Hit the Road
2025-05-18 23:48:23,604 __main__ DEBUG:82 Playback status changed for player spotify: <enum PLAYERCTL_PLAYBACK_STATUS_PLAYING of type Playerctl.PlaybackStatus>
2025-05-18 23:48:23,604 __main__ DEBUG:82 Playback status changed for player spotify: <enum PLAYERCTL_PLAYBACK_STATUS_PLAYING of type Playerctl.PlaybackStatus>
2025-05-18 23:48:23,605 __main__ DEBUG:82 Playback status changed for player spotify: <enum PLAYERCTL_PLAYBACK_STATUS_PLAYING of type Playerctl.PlaybackStatus>
2025-05-18 23:48:23,605 __main__ DEBUG:112 Metadata changed for player spotify
2025-05-18 23:48:23,605 __main__ DEBUG:112 Metadata changed for player spotify
2025-05-18 23:48:23,605 __main__ DEBUG:112 Metadata changed for player spotify
2025-05-18 23:48:23,606 __main__ DEBUG:87 Getting first playing player from 1 players
2025-05-18 23:48:23,606 __main__ DEBUG:68 Writing output:  TRIP - Hit the Road
2025-05-18 23:48:23,610 __main__ DEBUG:87 Getting first playing player from 1 players
2025-05-18 23:48:23,610 __main__ DEBUG:68 Writing output:  TRIP - Hit the Road
2025-05-18 23:48:23,612 __main__ DEBUG:87 Getting first playing player from 1 players
2025-05-18 23:48:23,612 __main__ DEBUG:68 Writing output:  TRIP - Hit the Road
