2025-11-23 21:50:35.038 [info] Reading sessions from keychain...
2025-11-23 21:50:35.038 [info] Getting sessions for all scopes...
2025-11-23 21:50:35.038 [info] Getting sessions for all scopes...
2025-11-23 21:50:35.038 [info] Getting sessions for all scopes...
2025-11-23 21:50:35.038 [info] Getting sessions for all scopes...
2025-11-23 21:50:35.038 [info] Getting sessions for all scopes...
2025-11-23 21:50:35.038 [info] Getting sessions for all scopes...
2025-11-23 21:50:35.038 [info] Getting sessions for all scopes...
2025-11-23 21:50:35.179 [info] Got 0 sessions for ...
2025-11-23 21:50:35.179 [info] Got 0 sessions for ...
2025-11-23 21:50:35.179 [info] Got 0 sessions for ...
2025-11-23 21:50:35.179 [info] Got 0 sessions for ...
2025-11-23 21:50:35.179 [info] Got 0 sessions for ...
2025-11-23 21:50:35.179 [info] Got 0 sessions for ...
2025-11-23 21:50:35.179 [info] Got 0 sessions for ...
2025-11-23 21:50:35.874 [info] Getting sessions for all scopes...
2025-11-23 21:50:35.874 [info] Got 0 sessions for ...
2025-11-23 21:50:37.356 [info] Getting sessions for all scopes...
2025-11-23 21:50:37.356 [info] Got 0 sessions for ...
2025-11-23 21:50:38.200 [info] Getting sessions for all scopes...
2025-11-23 21:50:38.200 [info] Got 0 sessions for ...
2025-11-23 22:44:18.387 [info] Getting sessions for read:user,repo,user:email,workflow...
2025-11-23 22:44:18.387 [info] Got 0 sessions for read:user,repo,user:email,workflow...
