2025-11-23 21:11:38.452 [info] [main] Log level: Info
2025-11-23 21:11:38.452 [info] [main] Validating found git in: "git"
2025-11-23 21:11:38.452 [info] [main] Using git "2.47.2" from "git"
2025-11-23 21:11:38.452 [info] [Model][doInitialScan] Initial repository scan started
2025-11-23 21:11:38.452 [info] > git rev-parse --show-toplevel [15ms]
2025-11-23 21:11:38.452 [info] > git rev-parse --git-dir --git-common-dir [88ms]
2025-11-23 21:11:38.452 [info] [Model][openRepository] Opened repository: /home/cullenoi/Code/Bluedrop/nix-dotfiles/hyprland/nixos-hyprland-flake
2025-11-23 21:11:38.455 [info] > git rev-parse --show-toplevel [29ms]
2025-11-23 21:11:38.456 [info] > git config --get commit.template [51ms]
2025-11-23 21:11:38.543 [info] > git for-each-ref --format=%(refname)%00%(upstream:short)%00%(objectname)%00%(upstream:track)%00%(upstream:remotename)%00%(upstream:remoteref) refs/heads/main refs/remotes/main [21ms]
2025-11-23 21:11:38.545 [info] > git rev-parse --show-toplevel [51ms]
2025-11-23 21:11:38.575 [warning] [Git][revParse] Unable to read file: ENOENT: no such file or directory, open '/home/cullenoi/Code/Bluedrop/nix-dotfiles/hyprland/nixos-hyprland-flake/.git/refs/remotes/origin/main'
2025-11-23 21:11:38.603 [info] > git rev-parse --show-toplevel [5ms]
2025-11-23 21:11:38.613 [info] [Model][doInitialScan] Initial repository scan completed - repositories (1), closed repositories (0), parent repositories (0), unsafe repositories (0)
2025-11-23 21:11:38.615 [info] > git rev-parse refs/remotes/origin/main [41ms]
2025-11-23 21:11:38.698 [info] > git status -z -uall [57ms]
2025-11-23 21:11:38.698 [info] > git for-each-ref --sort -committerdate --format %(refname)%00%(objectname)%00%(*objectname) [31ms]
2025-11-23 21:11:38.826 [info] > git for-each-ref --format=%(refname)%00%(upstream:short)%00%(objectname)%00%(upstream:track)%00%(upstream:remotename)%00%(upstream:remoteref) refs/heads/main refs/remotes/main [62ms]
2025-11-23 21:11:38.896 [info] > git check-ignore -v -z --stdin [19ms]
2025-11-23 21:11:38.902 [info] > git config --get --local branch.main.vscode-merge-base [47ms]
2025-11-23 21:11:38.902 [warning] [Git][config] git config failed: Failed to execute git
2025-11-23 21:11:38.925 [info] > git config --get commit.template [134ms]
2025-11-23 21:11:38.961 [info] > git reflog main --grep-reflog=branch: Created from *. [37ms]
2025-11-23 21:11:39.236 [info] > git show --textconv :flake.lock [59ms]
2025-11-23 21:11:39.240 [info] > git symbolic-ref --short refs/remotes/origin/HEAD [258ms]
2025-11-23 21:11:39.382 [info] > git for-each-ref --format=%(refname)%00%(upstream:short)%00%(objectname)%00%(upstream:track)%00%(upstream:remotename)%00%(upstream:remoteref) refs/heads/origin/main refs/remotes/origin/main [119ms]
2025-11-23 21:11:39.408 [info] > git for-each-ref --format=%(refname)%00%(upstream:short)%00%(objectname)%00%(upstream:track)%00%(upstream:remotename)%00%(upstream:remoteref) refs/heads/main refs/remotes/main [179ms]
2025-11-23 21:11:39.408 [info] > git ls-files --stage -- flake.lock [207ms]
2025-11-23 21:11:39.472 [warning] [Git][revParse] Unable to read file: ENOENT: no such file or directory, open '/home/cullenoi/Code/Bluedrop/nix-dotfiles/hyprland/nixos-hyprland-flake/.git/refs/remotes/origin/main'
2025-11-23 21:11:39.479 [info] > git cat-file -s e7540bef804084fe80cbcb6b8fa4ac1f08942fb3 [42ms]
2025-11-23 21:11:39.481 [info] > git config --add --local branch.main.vscode-merge-base origin/main [73ms]
2025-11-23 21:11:39.519 [info] > git rev-parse refs/remotes/origin/main [47ms]
2025-11-23 21:11:39.574 [info] > git for-each-ref --format=%(refname)%00%(upstream:short)%00%(objectname)%00%(upstream:track)%00%(upstream:remotename)%00%(upstream:remoteref) refs/heads/main refs/remotes/main [26ms]
2025-11-23 21:11:39.600 [info] > git config --get commit.template [90ms]
2025-11-23 21:11:39.771 [info] > git config --get --local branch.main.vscode-merge-base [171ms]
2025-11-23 21:11:39.835 [info] > git for-each-ref --format=%(refname)%00%(upstream:short)%00%(objectname)%00%(upstream:track)%00%(upstream:remotename)%00%(upstream:remoteref) refs/heads/origin/main refs/remotes/origin/main [36ms]
2025-11-23 21:11:39.878 [info] > git merge-base refs/heads/main refs/remotes/origin/main [10ms]
2025-11-23 21:11:39.907 [info] > git for-each-ref --format=%(refname)%00%(upstream:short)%00%(objectname)%00%(upstream:track)%00%(upstream:remotename)%00%(upstream:remoteref) refs/heads/main refs/remotes/main [75ms]
2025-11-23 21:11:39.968 [warning] [Git][revParse] Unable to read file: ENOENT: no such file or directory, open '/home/cullenoi/Code/Bluedrop/nix-dotfiles/hyprland/nixos-hyprland-flake/.git/refs/remotes/origin/main'
2025-11-23 21:11:39.979 [info] > git diff --name-status -z --diff-filter=ADMR 3728ac496dcbd0e407d7e769c6b9bacecf052d35...refs/remotes/origin/main [72ms]
2025-11-23 21:11:39.985 [info] > git rev-parse refs/remotes/origin/main [18ms]
2025-11-23 21:11:40.069 [info] > git status -z -uall [54ms]
2025-11-23 21:11:40.070 [info] > git for-each-ref --sort -committerdate --format %(refname)%00%(objectname)%00%(*objectname) [27ms]
2025-11-23 21:11:40.739 [info] > git ls-files --stage -- flake.lock [3ms]
2025-11-23 21:11:40.763 [info] > git cat-file -s e7540bef804084fe80cbcb6b8fa4ac1f08942fb3 [4ms]
2025-11-23 21:11:40.793 [info] > git show --textconv :flake.lock [6ms]
2025-11-23 21:11:42.083 [info] > git show --textconv :system/modules/hyprland.nix [27ms]
2025-11-23 21:11:42.086 [info] > git ls-files --stage -- system/modules/hyprland.nix [5ms]
2025-11-23 21:11:42.116 [info] > git cat-file -s efe3931737312dad892e08a29e97c35d536360f3 [7ms]
2025-11-23 21:11:46.190 [info] > git show --textconv :system/modules/networking.nix [26ms]
2025-11-23 21:11:46.193 [info] > git ls-files --stage -- system/modules/networking.nix [4ms]
2025-11-23 21:11:46.219 [info] > git cat-file -s bb978e9bd408537dbbc2041b87606447760a1bd0 [5ms]
2025-11-23 21:11:46.721 [info] > git blame --root --incremental 3728ac496dcbd0e407d7e769c6b9bacecf052d35 -- system/modules/networking.nix [9ms]
2025-11-23 21:12:06.996 [info] > git show --textconv :system/modules/nixsettings.nix [22ms]
2025-11-23 21:12:06.998 [info] > git ls-files --stage -- system/modules/nixsettings.nix [4ms]
2025-11-23 21:12:07.025 [info] > git cat-file -s ac1ae540e11c61a584a655ea3fd4fda74e4ebaec [5ms]
2025-11-23 21:12:11.429 [info] > git show --textconv :system/modules/packages.nix [29ms]
2025-11-23 21:12:11.433 [info] > git ls-files --stage -- system/modules/packages.nix [4ms]
2025-11-23 21:12:11.457 [info] > git cat-file -s 718ceacd0a5cc924c6ed94b01fcc549f5e82eea6 [4ms]
2025-11-23 21:12:14.031 [info] > git show --textconv :system/modules/polkit.nix [23ms]
2025-11-23 21:12:14.035 [info] > git ls-files --stage -- system/modules/polkit.nix [4ms]
2025-11-23 21:12:14.060 [info] > git cat-file -s ebd551c4e554c6b86030011b2fbab8413984fab3 [5ms]
2025-11-23 21:12:17.589 [info] > git show --textconv :system/modules/programs.nix [22ms]
2025-11-23 21:12:17.592 [info] > git ls-files --stage -- system/modules/programs.nix [4ms]
2025-11-23 21:12:17.619 [info] > git cat-file -s ff66d4e0554677dfec04a49e3334ede5ecd994f8 [4ms]
2025-11-23 21:12:38.324 [info] > git show --textconv :system/modules/hyprland.nix [22ms]
2025-11-23 21:12:38.327 [info] > git ls-files --stage -- system/modules/hyprland.nix [5ms]
2025-11-23 21:12:38.351 [info] > git cat-file -s efe3931737312dad892e08a29e97c35d536360f3 [4ms]
2025-11-23 21:13:21.292 [info] > git show --textconv :system/modules/packages.nix [25ms]
2025-11-23 21:13:21.296 [info] > git ls-files --stage -- system/modules/packages.nix [5ms]
2025-11-23 21:13:21.323 [info] > git cat-file -s 718ceacd0a5cc924c6ed94b01fcc549f5e82eea6 [5ms]
2025-11-23 21:13:24.036 [info] > git show --textconv :system/modules/programs.nix [25ms]
2025-11-23 21:13:24.038 [info] > git ls-files --stage -- system/modules/programs.nix [5ms]
2025-11-23 21:13:24.063 [info] > git cat-file -s ff66d4e0554677dfec04a49e3334ede5ecd994f8 [4ms]
2025-11-23 21:20:48.469 [info] > git show --textconv :system/modules/hyprland.nix [25ms]
2025-11-23 21:20:48.474 [info] > git ls-files --stage -- system/modules/hyprland.nix [5ms]
2025-11-23 21:20:48.502 [info] > git cat-file -s efe3931737312dad892e08a29e97c35d536360f3 [4ms]
2025-11-23 21:20:50.186 [info] > git blame --root --incremental 3728ac496dcbd0e407d7e769c6b9bacecf052d35 -- system/modules/hyprland.nix [7ms]
2025-11-23 21:21:02.381 [info] > git show --textconv :system/modules/programs.nix [24ms]
2025-11-23 21:21:02.383 [info] > git ls-files --stage -- system/modules/programs.nix [4ms]
2025-11-23 21:21:02.410 [info] > git cat-file -s ff66d4e0554677dfec04a49e3334ede5ecd994f8 [5ms]
2025-11-23 21:21:13.278 [info] > git blame --root --incremental 3728ac496dcbd0e407d7e769c6b9bacecf052d35 -- system/modules/programs.nix [8ms]
