2025-11-23 21:11:35.654 [info] Extension host with pid 3293 started
2025-11-23 21:11:35.655 [info] Skipping acquiring lock for /home/cullenoi/.config/Code/User/workspaceStorage/7aefa216b8363e33f84e62b55d818a3b.
2025-11-23 21:11:36.085 [info] ExtensionService#_doActivateExtension vscode.github-authentication, startup: false, activationEvent: 'onAuthenticationRequest:github'
2025-11-23 21:11:36.679 [info] ExtensionService#_doActivateExtension vscode.git-base, startup: true, activationEvent: '*', root cause: vscode.git
2025-11-23 21:11:36.686 [info] ExtensionService#_doActivateExtension arrterian.nix-env-selector, startup: true, activationEvent: '*'
2025-11-23 21:11:36.827 [info] ExtensionService#_doActivateExtension mkhl.direnv, startup: true, activationEvent: '*'
2025-11-23 21:11:36.845 [info] ExtensionService#_doActivateExtension vscode.configuration-editing, startup: false, activationEvent: 'onLanguage:json'
2025-11-23 21:11:36.873 [info] ExtensionService#_doActivateExtension vscode.extension-editing, startup: false, activationEvent: 'onLanguage:json'
2025-11-23 21:11:36.915 [info] ExtensionService#_doActivateExtension vscode.json-language-features, startup: false, activationEvent: 'onLanguage:json'
2025-11-23 21:11:37.103 [info] ExtensionService#_doActivateExtension vscode.npm, startup: false, activationEvent: 'onLanguage:json'
2025-11-23 21:11:37.190 [info] ExtensionService#_doActivateExtension vscode.emmet, startup: false, activationEvent: 'onLanguage'
2025-11-23 21:11:37.462 [info] ExtensionService#_doActivateExtension vscode.git, startup: true, activationEvent: '*'
2025-11-23 21:11:37.606 [info] ExtensionService#_doActivateExtension vscode.github, startup: true, activationEvent: '*'
2025-11-23 21:11:38.056 [info] Eager extensions activated
2025-11-23 21:11:38.190 [info] ExtensionService#_doActivateExtension vscode.debug-auto-launch, startup: false, activationEvent: 'onStartupFinished'
2025-11-23 21:11:38.196 [info] ExtensionService#_doActivateExtension vscode.merge-conflict, startup: false, activationEvent: 'onStartupFinished'
2025-11-23 21:11:38.254 [info] ExtensionService#_doActivateExtension usernamehw.errorlens, startup: false, activationEvent: 'onStartupFinished'
2025-11-23 21:11:38.463 [error] TypeError: c2.call is not a function
	at /home/cullenoi/.vscode/extensions/arrterian.nix-env-selector-1.1.0/dist/index.js:26377:90
2025-11-23 21:11:38.986 [info] ExtensionService#_doActivateExtension vscode.typescript-language-features, startup: false, activationEvent: 'onLanguage:jsonc'
2025-11-23 21:11:41.878 [info] ExtensionService#_doActivateExtension jnoortheen.nix-ide, startup: false, activationEvent: 'onLanguage:nix'
