2025-11-21 12:00:31.367 [info] Extension host with pid 8257 started
2025-11-21 12:00:31.367 [info] Skipping acquiring lock for /home/cullenoi/.config/Code/User/workspaceStorage/b600f31cf4cfbe7ed57129389515efe7.
2025-11-21 12:00:31.603 [info] ExtensionService#_doActivateExtension vscode.github-authentication, startup: false, activationEvent: 'onAuthenticationRequest:github'
2025-11-21 12:00:31.698 [info] ExtensionService#_doActivateExtension vscode.emmet, startup: false, activationEvent: 'onLanguage'
2025-11-21 12:00:31.920 [info] ExtensionService#_doActivateExtension vscode.git-base, startup: true, activationEvent: '*', root cause: vscode.git
2025-11-21 12:00:32.013 [info] ExtensionService#_doActivateExtension vscode.git, startup: true, activationEvent: '*'
2025-11-21 12:00:32.197 [info] ExtensionService#_doActivateExtension vscode.github, startup: true, activationEvent: '*'
2025-11-21 12:00:32.846 [info] Eager extensions activated
2025-11-21 12:00:33.067 [info] ExtensionService#_doActivateExtension vscode.debug-auto-launch, startup: false, activationEvent: 'onStartupFinished'
2025-11-21 12:00:33.077 [info] ExtensionService#_doActivateExtension vscode.merge-conflict, startup: false, activationEvent: 'onStartupFinished'
2025-11-21 12:00:33.170 [info] ExtensionService#_doActivateExtension usernamehw.errorlens, startup: false, activationEvent: 'onStartupFinished'
2025-11-21 12:34:11.288 [info] ExtensionService#_doActivateExtension vscode.npm, startup: false, activationEvent: 'onTerminalQuickFixRequest:ms-vscode.npm-command'
2025-11-21 12:36:51.548 [info] ExtensionService#_doActivateExtension vscode.extension-editing, startup: false, activationEvent: 'onLanguage:markdown'
2025-11-21 12:36:51.590 [info] ExtensionService#_doActivateExtension vscode.markdown-language-features, startup: false, activationEvent: 'onLanguage:markdown'
2025-11-21 12:36:53.169 [info] ExtensionService#_doActivateExtension vscode.markdown-math, startup: false, activationEvent: 'api', root cause: vscode.markdown-language-features
2025-11-21 13:32:17.102 [info] ExtensionService#_doActivateExtension mkhl.direnv, startup: false, activationEvent: '*'
2025-11-21 13:32:17.115 [info] ExtensionService#_doActivateExtension jnoortheen.nix-ide, startup: false, activationEvent: 'onLanguage:nix'
2025-11-21 13:32:17.239 [info] ExtensionService#_doActivateExtension arrterian.nix-env-selector, startup: false, activationEvent: '*'
2025-11-21 13:32:18.531 [error] TypeError: c2.call is not a function
	at /home/cullenoi/.vscode/extensions/arrterian.nix-env-selector-1.1.0/dist/index.js:26377:90
2025-11-21 22:40:05.500 [info] ExtensionService#_doActivateExtension vscode.configuration-editing, startup: false, activationEvent: 'onLanguage:json'
2025-11-21 22:40:05.555 [info] ExtensionService#_doActivateExtension vscode.json-language-features, startup: false, activationEvent: 'onLanguage:json'
